c:\users\신재욱\documents\visual studio 2017\projects\morphosis\client\framework_5\morphosis\x64\debug\morphosis.pch
c:\users\신재욱\documents\visual studio 2017\projects\morphosis\client\framework_5\morphosis\x64\debug\vc141.pdb
c:\users\신재욱\documents\visual studio 2017\projects\morphosis\client\framework_5\morphosis\x64\debug\vc141.idb
c:\users\신재욱\documents\visual studio 2017\projects\morphosis\client\framework_5\morphosis\x64\debug\stdafx.obj
c:\users\신재욱\documents\visual studio 2017\projects\morphosis\client\framework_5\morphosis\x64\debug\advencedmesh.obj
c:\users\신재욱\documents\visual studio 2017\projects\morphosis\client\framework_5\morphosis\x64\debug\camera.obj
c:\users\신재욱\documents\visual studio 2017\projects\morphosis\client\framework_5\morphosis\x64\debug\ddstextureloader12.obj
c:\users\신재욱\documents\visual studio 2017\projects\morphosis\client\framework_5\morphosis\x64\debug\framework.obj
c:\users\신재욱\documents\visual studio 2017\projects\morphosis\client\framework_5\morphosis\x64\debug\groundshader.obj
c:\users\신재욱\documents\visual studio 2017\projects\morphosis\client\framework_5\morphosis\x64\debug\loadingshader.obj
c:\users\신재욱\documents\visual studio 2017\projects\morphosis\client\framework_5\morphosis\x64\debug\mesh.obj
c:\users\신재욱\documents\visual studio 2017\projects\morphosis\client\framework_5\morphosis\x64\debug\morphosis.obj
c:\users\신재욱\documents\visual studio 2017\projects\morphosis\client\framework_5\morphosis\x64\debug\object.obj
c:\users\신재욱\documents\visual studio 2017\projects\morphosis\client\framework_5\morphosis\x64\debug\scene.obj
c:\users\신재욱\documents\visual studio 2017\projects\morphosis\client\framework_5\morphosis\x64\debug\shader.obj
c:\users\신재욱\documents\visual studio 2017\projects\morphosis\client\framework_5\morphosis\x64\debug\timer.obj
c:\users\신재욱\documents\visual studio 2017\projects\morphosis\client\framework_5\morphosis\x64\debug\morphosis.exe
c:\users\신재욱\documents\visual studio 2017\projects\morphosis\client\framework_5\morphosis\x64\debug\morphosis.ilk
c:\users\신재욱\documents\visual studio 2017\projects\morphosis\client\framework_5\morphosis\x64\debug\morphosis.pdb
c:\users\신재욱\documents\visual studio 2017\projects\morphosis\client\framework_5\morphosis\x64\debug\light.cso
c:\users\신재욱\documents\visual studio 2017\projects\morphosis\client\framework_5\morphosis\x64\debug\morphosis.res
c:\users\신재욱\documents\visual studio 2017\projects\morphosis\client\framework_5\morphosis\x64\debug\morphosis.tlog\cl.command.1.tlog
c:\users\신재욱\documents\visual studio 2017\projects\morphosis\client\framework_5\morphosis\x64\debug\morphosis.tlog\cl.read.1.tlog
c:\users\신재욱\documents\visual studio 2017\projects\morphosis\client\framework_5\morphosis\x64\debug\morphosis.tlog\cl.write.1.tlog
c:\users\신재욱\documents\visual studio 2017\projects\morphosis\client\framework_5\morphosis\x64\debug\morphosis.tlog\fxc.command.1.tlog
c:\users\신재욱\documents\visual studio 2017\projects\morphosis\client\framework_5\morphosis\x64\debug\morphosis.tlog\fxc.read.1.tlog
c:\users\신재욱\documents\visual studio 2017\projects\morphosis\client\framework_5\morphosis\x64\debug\morphosis.tlog\link.command.1.tlog
c:\users\신재욱\documents\visual studio 2017\projects\morphosis\client\framework_5\morphosis\x64\debug\morphosis.tlog\link.read.1.tlog
c:\users\신재욱\documents\visual studio 2017\projects\morphosis\client\framework_5\morphosis\x64\debug\morphosis.tlog\link.write.1.tlog
c:\users\신재욱\documents\visual studio 2017\projects\morphosis\client\framework_5\morphosis\x64\debug\morphosis.tlog\morphosis.write.1u.tlog
c:\users\신재욱\documents\visual studio 2017\projects\morphosis\client\framework_5\morphosis\x64\debug\morphosis.tlog\rc.command.1.tlog
c:\users\신재욱\documents\visual studio 2017\projects\morphosis\client\framework_5\morphosis\x64\debug\morphosis.tlog\rc.read.1.tlog
c:\users\신재욱\documents\visual studio 2017\projects\morphosis\client\framework_5\morphosis\x64\debug\morphosis.tlog\rc.write.1.tlog
