c:\graduation work\assignment2\debug\light.cso
c:\graduation work\assignment2\debug\assignment1.pch
c:\graduation work\assignment2\debug\vc141.pdb
c:\graduation work\assignment2\debug\vc141.idb
c:\graduation work\assignment2\debug\stdafx.obj
c:\graduation work\assignment2\debug\assignment1.obj
c:\graduation work\assignment2\debug\camera.obj
c:\graduation work\assignment2\debug\ddstextureloader12.obj
c:\graduation work\assignment2\debug\gameframework.obj
c:\graduation work\assignment2\debug\mesh.obj
c:\graduation work\assignment2\debug\object.obj
c:\graduation work\assignment2\debug\player.obj
c:\graduation work\assignment2\debug\scene.obj
c:\graduation work\assignment2\debug\shader.obj
c:\graduation work\assignment2\debug\timer.obj
c:\graduation work\assignment2\debug\assignment1.ilk
c:\graduation work\assignment2\debug\assignment1.exe
c:\graduation work\assignment2\debug\assignment1.pdb
c:\graduation work\assignment2\debug\assignment1.res
c:\graduation work\assignment2\debug\assignment1.tlog\assignment1.write.1u.tlog
c:\graduation work\assignment2\debug\assignment1.tlog\cl.command.1.tlog
c:\graduation work\assignment2\debug\assignment1.tlog\cl.read.1.tlog
c:\graduation work\assignment2\debug\assignment1.tlog\cl.write.1.tlog
c:\graduation work\assignment2\debug\assignment1.tlog\link.command.1.tlog
c:\graduation work\assignment2\debug\assignment1.tlog\link.read.1.tlog
c:\graduation work\assignment2\debug\assignment1.tlog\link.write.1.tlog
c:\graduation work\assignment2\debug\assignment1.tlog\rc.command.1.tlog
c:\graduation work\assignment2\debug\assignment1.tlog\rc.read.1.tlog
c:\graduation work\assignment2\debug\assignment1.tlog\rc.write.1.tlog
