c:\users\신재욱\documents\visual studio 2017\projects\morphosis\client\framework_5\morphosis\x64\release\vc141.pdb
c:\users\신재욱\documents\visual studio 2017\projects\morphosis\client\framework_5\morphosis\x64\release\shader.obj
c:\users\신재욱\documents\visual studio 2017\projects\morphosis\client\framework_5\morphosis\x64\release\object.obj
c:\users\신재욱\documents\visual studio 2017\projects\morphosis\client\framework_5\morphosis\x64\release\mesh.obj
c:\users\신재욱\documents\visual studio 2017\projects\morphosis\client\framework_5\morphosis\x64\release\loadingshader.obj
c:\users\신재욱\documents\visual studio 2017\projects\morphosis\client\framework_5\morphosis\x64\release\fbxdatamanager.obj
c:\users\신재욱\documents\visual studio 2017\projects\morphosis\client\framework_5\morphosis\x64\release\ddstextureloader12.obj
c:\users\신재욱\documents\visual studio 2017\projects\morphosis\client\framework_5\morphosis\x64\release\cskilljudge.obj
c:\users\신재욱\documents\visual studio 2017\projects\morphosis\client\framework_5\morphosis\x64\release\cgameobject.obj
c:\users\신재욱\documents\visual studio 2017\projects\morphosis\client\framework_5\morphosis\x64\release\cbullet.obj
c:\users\신재욱\documents\visual studio 2017\projects\morphosis\client\framework_5\morphosis\x64\release\advencedmesh.obj
c:\users\신재욱\documents\visual studio 2017\projects\morphosis\client\framework_5\morphosis\x64\release\uiobject.obj
c:\users\신재욱\documents\visual studio 2017\projects\morphosis\client\framework_5\morphosis\x64\release\timer.obj
c:\users\신재욱\documents\visual studio 2017\projects\morphosis\client\framework_5\morphosis\x64\release\morphosis.pch
c:\users\신재욱\documents\visual studio 2017\projects\morphosis\client\framework_5\morphosis\x64\release\stdafx.obj
c:\users\신재욱\documents\visual studio 2017\projects\morphosis\client\framework_5\morphosis\x64\release\skillprojectile.obj
c:\users\신재욱\documents\visual studio 2017\projects\morphosis\client\framework_5\morphosis\x64\release\skillobject.obj
c:\users\신재욱\documents\visual studio 2017\projects\morphosis\client\framework_5\morphosis\x64\release\skill.obj
c:\users\신재욱\documents\visual studio 2017\projects\morphosis\client\framework_5\morphosis\x64\release\scene.obj
c:\users\신재욱\documents\visual studio 2017\projects\morphosis\client\framework_5\morphosis\x64\release\morphosis.obj
c:\users\신재욱\documents\visual studio 2017\projects\morphosis\client\framework_5\morphosis\x64\release\groundshader.obj
c:\users\신재욱\documents\visual studio 2017\projects\morphosis\client\framework_5\morphosis\x64\release\framework.obj
c:\users\신재욱\documents\visual studio 2017\projects\morphosis\client\framework_5\morphosis\x64\release\character.obj
c:\users\신재욱\documents\visual studio 2017\projects\morphosis\client\framework_5\morphosis\x64\release\camera.obj
c:\users\신재욱\documents\visual studio 2017\projects\morphosis\client\framework_5\morphosis\x64\release\bullet.obj
c:\users\신재욱\documents\visual studio 2017\projects\morphosis\client\framework_5\morphosis\x64\release\morphosis.exe
c:\users\신재욱\documents\visual studio 2017\projects\morphosis\client\framework_5\morphosis\x64\release\morphosis.pdb
c:\users\신재욱\documents\visual studio 2017\projects\morphosis\client\framework_5\morphosis\x64\release\morphosis.ipdb
c:\users\신재욱\documents\visual studio 2017\projects\morphosis\client\framework_5\morphosis\x64\release\morphosis.iobj
c:\users\신재욱\documents\visual studio 2017\projects\morphosis\client\framework_5\morphosis\x64\release\morphosis.res
c:\users\신재욱\documents\visual studio 2017\projects\morphosis\client\framework_5\morphosis\x64\release\morphosis.tlog\cl.command.1.tlog
c:\users\신재욱\documents\visual studio 2017\projects\morphosis\client\framework_5\morphosis\x64\release\morphosis.tlog\cl.read.1.tlog
c:\users\신재욱\documents\visual studio 2017\projects\morphosis\client\framework_5\morphosis\x64\release\morphosis.tlog\cl.write.1.tlog
c:\users\신재욱\documents\visual studio 2017\projects\morphosis\client\framework_5\morphosis\x64\release\morphosis.tlog\link.command.1.tlog
c:\users\신재욱\documents\visual studio 2017\projects\morphosis\client\framework_5\morphosis\x64\release\morphosis.tlog\link.read.1.tlog
c:\users\신재욱\documents\visual studio 2017\projects\morphosis\client\framework_5\morphosis\x64\release\morphosis.tlog\link.write.1.tlog
c:\users\신재욱\documents\visual studio 2017\projects\morphosis\client\framework_5\morphosis\x64\release\morphosis.tlog\morphosis.write.1u.tlog
c:\users\신재욱\documents\visual studio 2017\projects\morphosis\client\framework_5\morphosis\x64\release\morphosis.tlog\rc.command.1.tlog
c:\users\신재욱\documents\visual studio 2017\projects\morphosis\client\framework_5\morphosis\x64\release\morphosis.tlog\rc.read.1.tlog
c:\users\신재욱\documents\visual studio 2017\projects\morphosis\client\framework_5\morphosis\x64\release\morphosis.tlog\rc.write.1.tlog
