c:\3dwork2\work\assignment2\release\assignment1.ipdb
c:\3dwork2\work\assignment2\release\assignment1.iobj
c:\graduation work\assignment2\release\assignment1.ipdb
c:\graduation work\assignment2\release\assignment1.iobj
c:\graduation work\assignment2\release\light.cso
c:\3dwork2\work\assignment2\release\assignment1.pch
c:\3dwork2\work\assignment2\release\vc141.pdb
c:\3dwork2\work\assignment2\release\stdafx.obj
c:\3dwork2\work\assignment2\release\timer.obj
c:\3dwork2\work\assignment2\release\shader.obj
c:\3dwork2\work\assignment2\release\scene.obj
c:\3dwork2\work\assignment2\release\player.obj
c:\3dwork2\work\assignment2\release\object.obj
c:\3dwork2\work\assignment2\release\mesh.obj
c:\3dwork2\work\assignment2\release\gameframework.obj
c:\3dwork2\work\assignment2\release\ddstextureloader12.obj
c:\3dwork2\work\assignment2\release\camera.obj
c:\3dwork2\work\assignment2\release\assignment1.obj
c:\graduation work\assignment2\release\assignment1.pch
c:\graduation work\assignment2\release\vc141.pdb
c:\graduation work\assignment2\release\stdafx.obj
c:\graduation work\assignment2\release\timer.obj
c:\graduation work\assignment2\release\shader.obj
c:\graduation work\assignment2\release\scene.obj
c:\graduation work\assignment2\release\player.obj
c:\graduation work\assignment2\release\object.obj
c:\graduation work\assignment2\release\mesh.obj
c:\graduation work\assignment2\release\gameframework.obj
c:\graduation work\assignment2\release\ddstextureloader12.obj
c:\graduation work\assignment2\release\camera.obj
c:\graduation work\assignment2\release\assignment1.obj
c:\3dwork2\work\assignment2\release\assignment1.exe
c:\3dwork2\work\assignment2\release\assignment1.pdb
c:\graduation work\assignment2\release\assignment1.exe
c:\graduation work\assignment2\release\assignment1.pdb
c:\3dwork2\work\assignment2\release\assignment1.res
c:\graduation work\assignment2\release\assignment1.res
c:\graduation work\assignment2\release\assignment1.tlog\assignment1.write.1u.tlog
c:\graduation work\assignment2\release\assignment1.tlog\cl.command.1.tlog
c:\graduation work\assignment2\release\assignment1.tlog\cl.read.1.tlog
c:\graduation work\assignment2\release\assignment1.tlog\cl.write.1.tlog
c:\graduation work\assignment2\release\assignment1.tlog\fxc.command.1.tlog
c:\graduation work\assignment2\release\assignment1.tlog\fxc.read.1.tlog
c:\graduation work\assignment2\release\assignment1.tlog\link.command.1.tlog
c:\graduation work\assignment2\release\assignment1.tlog\link.read.1.tlog
c:\graduation work\assignment2\release\assignment1.tlog\link.write.1.tlog
c:\graduation work\assignment2\release\assignment1.tlog\rc.command.1.tlog
c:\graduation work\assignment2\release\assignment1.tlog\rc.read.1.tlog
c:\graduation work\assignment2\release\assignment1.tlog\rc.write.1.tlog
