  stdafx.cpp
c:\users\신재욱\documents\visual studio 2017\projects\morphosis\client\framework_5\morphosis\stdafx.h(81): error C2365: 'e_Object': 재정의: 이전 정의는 '열거자'입니다.
  c:\users\신재욱\documents\visual studio 2017\projects\morphosis\client\framework_5\morphosis\stdafx.h(70): note: 'e_Object' 선언을 참조하십시오.
c:\users\신재욱\documents\visual studio 2017\projects\morphosis\client\framework_5\morphosis\stdafx.h(82): error C2365: 'e_Texture': 재정의: 이전 정의는 '열거자'입니다.
  c:\users\신재욱\documents\visual studio 2017\projects\morphosis\client\framework_5\morphosis\stdafx.h(73): note: 'e_Texture' 선언을 참조하십시오.
c:\users\신재욱\documents\visual studio 2017\projects\morphosis\client\framework_5\morphosis\stdafx.h(85): error C2365: 'e_NumOfOrder': 재정의: 이전 정의는 '열거자'입니다.
  c:\users\신재욱\documents\visual studio 2017\projects\morphosis\client\framework_5\morphosis\stdafx.h(77): note: 'e_NumOfOrder' 선언을 참조하십시오.
c:\users\신재욱\documents\visual studio 2017\projects\morphosis\client\framework_5\morphosis\stdafx.cpp(64): error C2039: 'UpdateSubresources': '`global namespace''의 멤버가 아닙니다.
c:\users\신재욱\documents\visual studio 2017\projects\morphosis\client\framework_5\morphosis\stdafx.cpp(64): error C2065: 'UpdateSubresources': 선언되지 않은 식별자입니다.
c:\users\신재욱\documents\visual studio 2017\projects\morphosis\client\framework_5\morphosis\stdafx.cpp(98): error C2039: 'unique_ptr': 'std'의 멤버가 아닙니다.
  c:\program files (x86)\microsoft visual studio\2017\community\vc\tools\msvc\14.12.25827\include\vector(15): note: 'std' 선언을 참조하십시오.
c:\users\신재욱\documents\visual studio 2017\projects\morphosis\client\framework_5\morphosis\stdafx.cpp(98): error C2065: 'unique_ptr': 선언되지 않은 식별자입니다.
c:\users\신재욱\documents\visual studio 2017\projects\morphosis\client\framework_5\morphosis\stdafx.cpp(98): error C2059: 구문 오류: ']'
c:\users\신재욱\documents\visual studio 2017\projects\morphosis\client\framework_5\morphosis\stdafx.cpp(100): error C2065: 'DDS_ALPHA_MODE': 선언되지 않은 식별자입니다.
c:\users\신재욱\documents\visual studio 2017\projects\morphosis\client\framework_5\morphosis\stdafx.cpp(100): error C2146: 구문 오류: ';'이(가) 'ddsAlphaMode' 식별자 앞에 없습니다.
c:\users\신재욱\documents\visual studio 2017\projects\morphosis\client\framework_5\morphosis\stdafx.cpp(100): error C2065: 'ddsAlphaMode': 선언되지 않은 식별자입니다.
c:\users\신재욱\documents\visual studio 2017\projects\morphosis\client\framework_5\morphosis\stdafx.cpp(100): error C2065: 'DDS_ALPHA_MODE_UNKNOWN': 선언되지 않은 식별자입니다.
c:\users\신재욱\documents\visual studio 2017\projects\morphosis\client\framework_5\morphosis\stdafx.cpp(103): error C2039: 'LoadDDSTextureFromFileEx': 'DirectX'의 멤버가 아닙니다.
  c:\program files (x86)\windows kits\10\include\10.0.16299.0\um\directxcollision.h(18): note: 'DirectX' 선언을 참조하십시오.
c:\users\신재욱\documents\visual studio 2017\projects\morphosis\client\framework_5\morphosis\stdafx.cpp(103): error C2065: 'DDS_LOADER_DEFAULT': 선언되지 않은 식별자입니다.
c:\users\신재욱\documents\visual studio 2017\projects\morphosis\client\framework_5\morphosis\stdafx.cpp(103): error C2065: 'ddsData': 선언되지 않은 식별자입니다.
c:\users\신재욱\documents\visual studio 2017\projects\morphosis\client\framework_5\morphosis\stdafx.cpp(103): error C2065: 'ddsAlphaMode': 선언되지 않은 식별자입니다.
c:\users\신재욱\documents\visual studio 2017\projects\morphosis\client\framework_5\morphosis\stdafx.cpp(103): error C3861: 'LoadDDSTextureFromFileEx': 식별자를 찾을 수 없습니다.
c:\users\신재욱\documents\visual studio 2017\projects\morphosis\client\framework_5\morphosis\stdafx.cpp(116): error C3861: 'GetRequiredIntermediateSize': 식별자를 찾을 수 없습니다.
c:\users\신재욱\documents\visual studio 2017\projects\morphosis\client\framework_5\morphosis\stdafx.cpp(142): error C2039: 'UpdateSubresources': '`global namespace''의 멤버가 아닙니다.
c:\users\신재욱\documents\visual studio 2017\projects\morphosis\client\framework_5\morphosis\stdafx.cpp(142): error C3861: 'UpdateSubresources': 식별자를 찾을 수 없습니다.
